This file contains any messages produced by compilers while
running configure, to aid debugging if configure makes a mistake.

It was created by MCS configure 0.1.0, which was
generated by GNU Autoconf 2.61.  Invocation command line was

  $ ./configure 

## --------- ##
## Platform. ##
## --------- ##

hostname = Eddible.local
uname -m = i386
uname -r = 10.8.0
uname -s = Darwin
uname -v = Darwin Kernel Version 10.8.0: Tue Jun  7 16:33:36 PDT 2011; root:xnu-1504.15.3~1/RELEASE_I386

/usr/bin/uname -p = i386
/bin/uname -X     = unknown

/bin/arch              = unknown
/usr/bin/arch -k       = unknown
/usr/convex/getsysinfo = unknown
/usr/bin/hostinfo      = Mach kernel version:
	 Darwin Kernel Version 10.8.0: Tue Jun  7 16:33:36 PDT 2011; root:xnu-1504.15.3~1/RELEASE_I386
Kernel configured for up to 2 processors.
2 processors are physically available.
2 processors are logically available.
Processor type: i486 (Intel 80486)
Processors active: 0 1
Primary memory available: 4.00 gigabytes
Default processor set: 112 tasks, 461 threads, 2 processors
Load average: 1.22, Mach factor: 1.15
/bin/machine           = unknown
/usr/bin/oslevel       = unknown
/bin/universe          = unknown

PATH: /usr/local/bin
PATH: /usr/bin
PATH: /bin
PATH: /usr/sbin
PATH: /sbin
PATH: /usr/local/bin
PATH: /usr/X11/bin
PATH: /usr/local/share/npm/bin
PATH: /Users/caoyi3/.gem/ruby/1.8/bin


## ----------- ##
## Core tests. ##
## ----------- ##

configure:1773: checking for g++
configure:1789: found /usr/bin/g++
configure:1800: result: g++
configure:1831: checking for C++ compiler version
configure:1838: g++ --version >&5
i686-apple-darwin10-llvm-g++-4.2 (GCC) 4.2.1 (Based on Apple Inc. build 5658) (LLVM build 2335.15.00)
Copyright (C) 2007 Free Software Foundation, Inc.
This is free software; see the source for copying conditions.  There is NO
warranty; not even for MERCHANTABILITY or FITNESS FOR A PARTICULAR PURPOSE.

configure:1841: $? = 0
configure:1848: g++ -v >&5
Using built-in specs.
Target: i686-apple-darwin10
Configured with: /private/var/tmp/llvmgcc42/llvmgcc42-2335.15~13/src/configure --disable-checking --enable-werror --prefix=/Developer/usr/llvm-gcc-4.2 --mandir=/share/man --enable-languages=c,objc,c++,obj-c++ --program-prefix=llvm- --program-transform-name=/^[cg][^.-]*$/s/$/-4.2/ --with-slibdir=/usr/lib --build=i686-apple-darwin10 --enable-llvm=/private/var/tmp/llvmgcc42/llvmgcc42-2335.15~13/dst-llvmCore/Developer/usr/local --program-prefix=i686-apple-darwin10- --host=x86_64-apple-darwin10 --target=i686-apple-darwin10 --with-gxx-include-dir=/usr/include/c++/4.2.1
Thread model: posix
gcc version 4.2.1 (Based on Apple Inc. build 5658) (LLVM build 2335.15.00)
configure:1851: $? = 0
configure:1858: g++ -V >&5
llvm-g++-4.2: argument to `-V' is missing
configure:1861: $? = 1
configure:1884: checking for C++ compiler default output file name
configure:1911: g++    conftest.cpp  >&5
configure:1914: $? = 0
configure:1952: result: a.out
configure:1969: checking whether the C++ compiler works
configure:1979: ./a.out
configure:1982: $? = 0
configure:1999: result: yes
configure:2006: checking whether we are cross compiling
configure:2008: result: no
configure:2011: checking for suffix of executables
configure:2018: g++ -o conftest    conftest.cpp  >&5
configure:2021: $? = 0
configure:2045: result: 
configure:2051: checking for suffix of object files
configure:2077: g++ -c   conftest.cpp >&5
configure:2080: $? = 0
configure:2103: result: o
configure:2107: checking whether we are using the GNU C++ compiler
configure:2136: g++ -c   conftest.cpp >&5
configure:2142: $? = 0
configure:2159: result: yes
configure:2164: checking whether g++ accepts -g
configure:2194: g++ -c -g  conftest.cpp >&5
configure:2200: $? = 0
configure:2299: result: yes
configure:2370: checking for gcc
configure:2386: found /usr/bin/gcc
configure:2397: result: gcc
configure:2635: checking for C compiler version
configure:2642: gcc --version >&5
i686-apple-darwin10-llvm-gcc-4.2 (GCC) 4.2.1 (Based on Apple Inc. build 5658) (LLVM build 2335.15.00)
Copyright (C) 2007 Free Software Foundation, Inc.
This is free software; see the source for copying conditions.  There is NO
warranty; not even for MERCHANTABILITY or FITNESS FOR A PARTICULAR PURPOSE.

configure:2645: $? = 0
configure:2652: gcc -v >&5
Using built-in specs.
Target: i686-apple-darwin10
Configured with: /private/var/tmp/llvmgcc42/llvmgcc42-2335.15~13/src/configure --disable-checking --enable-werror --prefix=/Developer/usr/llvm-gcc-4.2 --mandir=/share/man --enable-languages=c,objc,c++,obj-c++ --program-prefix=llvm- --program-transform-name=/^[cg][^.-]*$/s/$/-4.2/ --with-slibdir=/usr/lib --build=i686-apple-darwin10 --enable-llvm=/private/var/tmp/llvmgcc42/llvmgcc42-2335.15~13/dst-llvmCore/Developer/usr/local --program-prefix=i686-apple-darwin10- --host=x86_64-apple-darwin10 --target=i686-apple-darwin10 --with-gxx-include-dir=/usr/include/c++/4.2.1
Thread model: posix
gcc version 4.2.1 (Based on Apple Inc. build 5658) (LLVM build 2335.15.00)
configure:2655: $? = 0
configure:2662: gcc -V >&5
llvm-gcc-4.2: argument to `-V' is missing
configure:2665: $? = 1
configure:2668: checking whether we are using the GNU C compiler
configure:2697: gcc -c   conftest.c >&5
configure:2703: $? = 0
configure:2720: result: yes
configure:2725: checking whether gcc accepts -g
configure:2755: gcc -c -g  conftest.c >&5
configure:2761: $? = 0
configure:2860: result: yes
configure:2877: checking for gcc option to accept ISO C89
configure:2951: gcc  -c -g -O2  conftest.c >&5
configure:2957: $? = 0
configure:2980: result: none needed
configure:3003: checking how to run the C preprocessor
configure:3043: gcc -E  conftest.c
configure:3049: $? = 0
configure:3080: gcc -E  conftest.c
conftest.c:8:28: error: ac_nonexistent.h: No such file or directory
configure:3086: $? = 1
configure: failed program was:
| /* confdefs.h.  */
| #define PACKAGE_NAME "MCS"
| #define PACKAGE_TARNAME "mcs"
| #define PACKAGE_VERSION "0.1.0"
| #define PACKAGE_STRING "MCS 0.1.0"
| #define PACKAGE_BUGREPORT "ycao@cs.ucr.edu"
| /* end confdefs.h.  */
| #include <ac_nonexistent.h>
configure:3119: result: gcc -E
configure:3148: gcc -E  conftest.c
configure:3154: $? = 0
configure:3185: gcc -E  conftest.c
conftest.c:8:28: error: ac_nonexistent.h: No such file or directory
configure:3191: $? = 1
configure: failed program was:
| /* confdefs.h.  */
| #define PACKAGE_NAME "MCS"
| #define PACKAGE_TARNAME "mcs"
| #define PACKAGE_VERSION "0.1.0"
| #define PACKAGE_STRING "MCS 0.1.0"
| #define PACKAGE_BUGREPORT "ycao@cs.ucr.edu"
| /* end confdefs.h.  */
| #include <ac_nonexistent.h>
configure:3276: checking for gcc
configure:3303: result: gcc
configure:3541: checking for C compiler version
configure:3548: gcc --version >&5
i686-apple-darwin10-llvm-gcc-4.2 (GCC) 4.2.1 (Based on Apple Inc. build 5658) (LLVM build 2335.15.00)
Copyright (C) 2007 Free Software Foundation, Inc.
This is free software; see the source for copying conditions.  There is NO
warranty; not even for MERCHANTABILITY or FITNESS FOR A PARTICULAR PURPOSE.

configure:3551: $? = 0
configure:3558: gcc -v >&5
Using built-in specs.
Target: i686-apple-darwin10
Configured with: /private/var/tmp/llvmgcc42/llvmgcc42-2335.15~13/src/configure --disable-checking --enable-werror --prefix=/Developer/usr/llvm-gcc-4.2 --mandir=/share/man --enable-languages=c,objc,c++,obj-c++ --program-prefix=llvm- --program-transform-name=/^[cg][^.-]*$/s/$/-4.2/ --with-slibdir=/usr/lib --build=i686-apple-darwin10 --enable-llvm=/private/var/tmp/llvmgcc42/llvmgcc42-2335.15~13/dst-llvmCore/Developer/usr/local --program-prefix=i686-apple-darwin10- --host=x86_64-apple-darwin10 --target=i686-apple-darwin10 --with-gxx-include-dir=/usr/include/c++/4.2.1
Thread model: posix
gcc version 4.2.1 (Based on Apple Inc. build 5658) (LLVM build 2335.15.00)
configure:3561: $? = 0
configure:3568: gcc -V >&5
llvm-gcc-4.2: argument to `-V' is missing
configure:3571: $? = 1
configure:3574: checking whether we are using the GNU C compiler
configure:3626: result: yes
configure:3631: checking whether gcc accepts -g
configure:3766: result: yes
configure:3783: checking for gcc option to accept ISO C89
configure:3886: result: none needed
configure:3927: checking for grep that handles long lines and -e
configure:4001: result: /usr/bin/grep
configure:4006: checking for egrep
configure:4084: result: /usr/bin/grep -E
configure:4089: checking for ANSI C header files
configure:4119: gcc -c -g -O2  conftest.c >&5
configure:4125: $? = 0
configure:4224: gcc -o conftest -g -O2   conftest.c  >&5
configure:4227: $? = 0
configure:4233: ./conftest
configure:4236: $? = 0
configure:4253: result: yes
configure:4277: checking for sys/types.h
configure:4298: gcc -c -g -O2  conftest.c >&5
configure:4304: $? = 0
configure:4320: result: yes
configure:4277: checking for sys/stat.h
configure:4298: gcc -c -g -O2  conftest.c >&5
configure:4304: $? = 0
configure:4320: result: yes
configure:4277: checking for stdlib.h
configure:4298: gcc -c -g -O2  conftest.c >&5
configure:4304: $? = 0
configure:4320: result: yes
configure:4277: checking for string.h
configure:4298: gcc -c -g -O2  conftest.c >&5
configure:4304: $? = 0
configure:4320: result: yes
configure:4277: checking for memory.h
configure:4298: gcc -c -g -O2  conftest.c >&5
configure:4304: $? = 0
configure:4320: result: yes
configure:4277: checking for strings.h
configure:4298: gcc -c -g -O2  conftest.c >&5
configure:4304: $? = 0
configure:4320: result: yes
configure:4277: checking for inttypes.h
configure:4298: gcc -c -g -O2  conftest.c >&5
configure:4304: $? = 0
configure:4320: result: yes
configure:4277: checking for stdint.h
configure:4298: gcc -c -g -O2  conftest.c >&5
configure:4304: $? = 0
configure:4320: result: yes
configure:4277: checking for unistd.h
configure:4298: gcc -c -g -O2  conftest.c >&5
configure:4304: $? = 0
configure:4320: result: yes
configure:4347: checking gc/gc.h usability
configure:4364: gcc -c -g -O2  conftest.c >&5
configure:4370: $? = 0
configure:4384: result: yes
configure:4388: checking gc/gc.h presence
configure:4403: gcc -E  conftest.c
configure:4409: $? = 0
configure:4423: result: yes
configure:4456: checking for gc/gc.h
configure:4464: result: yes
configure:4650: checking for GC_malloc in -lgc
configure:4685: gcc -o conftest -g -O2   conftest.c -lgc   >&5
configure:4691: $? = 0
configure:4709: result: yes
configure:4842: checking for ANSI C header files
configure:5006: result: yes
configure:5039: checking limits.h usability
configure:5056: gcc -c -g -O2  conftest.c >&5
configure:5062: $? = 0
configure:5076: result: yes
configure:5080: checking limits.h presence
configure:5095: gcc -E  conftest.c
configure:5101: $? = 0
configure:5115: result: yes
configure:5148: checking for limits.h
configure:5156: result: yes
configure:5039: checking netdb.h usability
configure:5056: gcc -c -g -O2  conftest.c >&5
configure:5062: $? = 0
configure:5076: result: yes
configure:5080: checking netdb.h presence
configure:5095: gcc -E  conftest.c
configure:5101: $? = 0
configure:5115: result: yes
configure:5148: checking for netdb.h
configure:5156: result: yes
configure:5039: checking netinet/in.h usability
configure:5056: gcc -c -g -O2  conftest.c >&5
configure:5062: $? = 0
configure:5076: result: yes
configure:5080: checking netinet/in.h presence
configure:5095: gcc -E  conftest.c
configure:5101: $? = 0
configure:5115: result: yes
configure:5148: checking for netinet/in.h
configure:5156: result: yes
configure:5029: checking for stdlib.h
configure:5035: result: yes
configure:5029: checking for string.h
configure:5035: result: yes
configure:5029: checking for strings.h
configure:5035: result: yes
configure:5039: checking sys/socket.h usability
configure:5056: gcc -c -g -O2  conftest.c >&5
configure:5062: $? = 0
configure:5076: result: yes
configure:5080: checking sys/socket.h presence
configure:5095: gcc -E  conftest.c
configure:5101: $? = 0
configure:5115: result: yes
configure:5148: checking for sys/socket.h
configure:5156: result: yes
configure:5039: checking sys/time.h usability
configure:5056: gcc -c -g -O2  conftest.c >&5
configure:5062: $? = 0
configure:5076: result: yes
configure:5080: checking sys/time.h presence
configure:5095: gcc -E  conftest.c
configure:5101: $? = 0
configure:5115: result: yes
configure:5148: checking for sys/time.h
configure:5156: result: yes
configure:5029: checking for unistd.h
configure:5035: result: yes
configure:5171: checking for an ANSI C-conforming const
configure:5246: gcc -c -g -O2  conftest.c >&5
configure:5252: $? = 0
configure:5267: result: yes
configure:5277: checking for inline
configure:5303: gcc -c -g -O2  conftest.c >&5
configure:5309: $? = 0
configure:5327: result: inline
configure:5346: checking whether time.h and sys/time.h may both be included
configure:5376: gcc -c -g -O2  conftest.c >&5
configure:5382: $? = 0
configure:5397: result: yes
configure:5540: creating ./config.status

## ---------------------- ##
## Running config.status. ##
## ---------------------- ##

This file was extended by MCS config.status 0.1.0, which was
generated by GNU Autoconf 2.61.  Invocation command line was

  CONFIG_FILES    = 
  CONFIG_HEADERS  = 
  CONFIG_LINKS    = 
  CONFIG_COMMANDS = 
  $ ./config.status 

on Eddible.local

config.status:585: creating Makefile
config.status:585: creating python/setup.py
config.status:585: creating tests/Makefile
config.status:585: creating R/mcs/src/Makevars
configure:6428: You may now invoke `make'

## ---------------- ##
## Cache variables. ##
## ---------------- ##

ac_cv_c_compiler_gnu=yes
ac_cv_c_const=yes
ac_cv_c_inline=inline
ac_cv_cxx_compiler_gnu=yes
ac_cv_env_CCC_set=
ac_cv_env_CCC_value=
ac_cv_env_CC_set=
ac_cv_env_CC_value=
ac_cv_env_CFLAGS_set=
ac_cv_env_CFLAGS_value=
ac_cv_env_CPPFLAGS_set=
ac_cv_env_CPPFLAGS_value=
ac_cv_env_CPP_set=
ac_cv_env_CPP_value=
ac_cv_env_CXXFLAGS_set=
ac_cv_env_CXXFLAGS_value=
ac_cv_env_CXX_set=
ac_cv_env_CXX_value=
ac_cv_env_LDFLAGS_set=
ac_cv_env_LDFLAGS_value=
ac_cv_env_LIBS_set=
ac_cv_env_LIBS_value=
ac_cv_env_build_alias_set=
ac_cv_env_build_alias_value=
ac_cv_env_host_alias_set=
ac_cv_env_host_alias_value=
ac_cv_env_target_alias_set=
ac_cv_env_target_alias_value=
ac_cv_header_gc_gc_h=yes
ac_cv_header_inttypes_h=yes
ac_cv_header_limits_h=yes
ac_cv_header_memory_h=yes
ac_cv_header_netdb_h=yes
ac_cv_header_netinet_in_h=yes
ac_cv_header_stdc=yes
ac_cv_header_stdint_h=yes
ac_cv_header_stdlib_h=yes
ac_cv_header_string_h=yes
ac_cv_header_strings_h=yes
ac_cv_header_sys_socket_h=yes
ac_cv_header_sys_stat_h=yes
ac_cv_header_sys_time_h=yes
ac_cv_header_sys_types_h=yes
ac_cv_header_time=yes
ac_cv_header_unistd_h=yes
ac_cv_lib_gc_GC_malloc=yes
ac_cv_objext=o
ac_cv_path_EGREP='/usr/bin/grep -E'
ac_cv_path_GREP=/usr/bin/grep
ac_cv_prog_CPP='gcc -E'
ac_cv_prog_ac_ct_CC=gcc
ac_cv_prog_ac_ct_CXX=g++
ac_cv_prog_cc_c89=
ac_cv_prog_cc_g=yes
ac_cv_prog_cxx_g=yes

## ----------------- ##
## Output variables. ##
## ----------------- ##

CC='gcc'
CFLAGS='-g -O2'
CONF_CFLAGS=''
CPP='gcc -E'
CPPFLAGS=''
CXX='g++'
CXXFLAGS='-g -O2'
DEFS='-DPACKAGE_NAME=\"MCS\" -DPACKAGE_TARNAME=\"mcs\" -DPACKAGE_VERSION=\"0.1.0\" -DPACKAGE_STRING=\"MCS\ 0.1.0\" -DPACKAGE_BUGREPORT=\"ycao@cs.ucr.edu\" -DSTDC_HEADERS=1 -DHAVE_SYS_TYPES_H=1 -DHAVE_SYS_STAT_H=1 -DHAVE_STDLIB_H=1 -DHAVE_STRING_H=1 -DHAVE_MEMORY_H=1 -DHAVE_STRINGS_H=1 -DHAVE_INTTYPES_H=1 -DHAVE_STDINT_H=1 -DHAVE_UNISTD_H=1 -DHAVE_GC_GC_H=1 -DHAVE_LIBGC=1 -DSTDC_HEADERS=1 -DHAVE_LIMITS_H=1 -DHAVE_NETDB_H=1 -DHAVE_NETINET_IN_H=1 -DHAVE_STDLIB_H=1 -DHAVE_STRING_H=1 -DHAVE_STRINGS_H=1 -DHAVE_SYS_SOCKET_H=1 -DHAVE_SYS_TIME_H=1 -DHAVE_UNISTD_H=1 -DTIME_WITH_SYS_TIME=1'
ECHO_C='ECHO_N=''
ECHO_T=''
EGREP='/usr/bin/grep -E'
EXEEXT=''
GREP='/usr/bin/grep'
LDFLAGS=''
LIBGCDIR=''
LIBGCINC=''
LIBOBJS=''
LIBS='-lgc '
LTLIBOBJS=''
OBJEXT='o'
PACKAGE_BUGREPORT='ycao@cs.ucr.edu'
PACKAGE_NAME='MCS'
PACKAGE_STRING='MCS 0.1.0'
PACKAGE_TARNAME='mcs'
PACKAGE_VERSION='0.1.0'
PATH_SEPARATOR=':'
SHELL='/bin/sh'
WITHPYTHON=''
WITHR=''
ac_ct_CC='gcc'
ac_ct_CXX='g++'
bindir='${exec_prefix}/bin'
build_alias=''
datadir='${datarootdir}'
datarootdir='${prefix}/share'
docdir='${datarootdir}/doc/${PACKAGE_TARNAME}'
dvidir='${docdir}'
exec_prefix='${prefix}'
host_alias=''
htmldir='${docdir}'
includedir='${prefix}/include'
infodir='${datarootdir}/info'
libdir='${exec_prefix}/lib'
libexecdir='${exec_prefix}/libexec'
localedir='${datarootdir}/locale'
localstatedir='${prefix}/var'
mandir='${datarootdir}/man'
oldincludedir='/usr/include'
pdfdir='${docdir}'
prefix='/usr/local'
program_transform_name='s,x,x,'
psdir='${docdir}'
sbindir='${exec_prefix}/sbin'
sharedstatedir='${prefix}/com'
sysconfdir='${prefix}/etc'
target_alias=''

## ----------- ##
## confdefs.h. ##
## ----------- ##

#define PACKAGE_NAME "MCS"
#define PACKAGE_TARNAME "mcs"
#define PACKAGE_VERSION "0.1.0"
#define PACKAGE_STRING "MCS 0.1.0"
#define PACKAGE_BUGREPORT "ycao@cs.ucr.edu"
#define STDC_HEADERS 1
#define HAVE_SYS_TYPES_H 1
#define HAVE_SYS_STAT_H 1
#define HAVE_STDLIB_H 1
#define HAVE_STRING_H 1
#define HAVE_MEMORY_H 1
#define HAVE_STRINGS_H 1
#define HAVE_INTTYPES_H 1
#define HAVE_STDINT_H 1
#define HAVE_UNISTD_H 1
#define HAVE_GC_GC_H 1
#define HAVE_LIBGC 1
#define STDC_HEADERS 1
#define HAVE_LIMITS_H 1
#define HAVE_NETDB_H 1
#define HAVE_NETINET_IN_H 1
#define HAVE_STDLIB_H 1
#define HAVE_STRING_H 1
#define HAVE_STRINGS_H 1
#define HAVE_SYS_SOCKET_H 1
#define HAVE_SYS_TIME_H 1
#define HAVE_UNISTD_H 1
#define TIME_WITH_SYS_TIME 1

configure: exit 0
